<?xml version="1.0" encoding="UTF-8"?>
<!-- Generated by org.testng.reporters.JUnitReportReporter -->
<testsuite skipped="0" hostname="DESKTOP-UCTHKBP" name="superdrug.RestAPITest" tests="2" failures="0" timestamp="16 Aug 2019 13:05:15 GMT" time="0.000" errors="0">
  <testcase name="PostJira" time="0.000" classname="superdrug.RestAPITest"/>
  <testcase name="deleteTwitter" time="0.000" classname="superdrug.RestAPITest"/>
</testsuite> <!-- superdrug.RestAPITest -->
