<?xml version="1.0" encoding="UTF-8"?>
<!-- Generated by org.testng.reporters.JUnitReportReporter -->
<testsuite skipped="0" hostname="DESKTOP-UCTHKBP" name="superdrug.SeleniumTest" tests="2" failures="0" timestamp="16 Aug 2019 13:05:15 GMT" time="0.000" errors="0">
  <testcase name="BrowserAutomation" time="0.000" classname="superdrug.SeleniumTest"/>
  <testcase name="ElementsUI" time="0.000" classname="superdrug.SeleniumTest"/>
</testsuite> <!-- superdrug.SeleniumTest -->
