<?xml version="1.0" encoding="UTF-8"?>
<!-- Generated by org.testng.reporters.JUnitReportReporter -->
<testsuite skipped="0" hostname="DESKTOP-UCTHKBP" name="superdrug.AppiumTest" tests="2" failures="0" timestamp="16 Aug 2019 13:05:15 GMT" time="0.015" errors="0">
  <testcase name="NativeAppAndroid" time="0.000" classname="superdrug.AppiumTest"/>
  <testcase name="IosApps" time="0.015" classname="superdrug.AppiumTest"/>
</testsuite> <!-- superdrug.AppiumTest -->
